<?xml version="1.0" encoding="UTF-8"?>
<!-- Generated by org.testng.reporters.JUnitReportReporter -->
<testsuite hostname="AGI-LT-1304" failures="0" tests="1" name="com.maven.AriseFrameWork1.Base" time="0.026" errors="0" timestamp="2021-09-24T15:24:06 IST" skipped="0">
  <testcase classname="com.maven.AriseFrameWork1.Base" name="BrowserCall" time="0.026"/>
  <system-out/>
</testsuite> <!-- com.maven.AriseFrameWork1.Base -->
