<?xml version="1.0" encoding="UTF-8"?>
<!-- Generated by org.testng.reporters.JUnitReportReporter -->
<testsuite hostname="AGI-LT-1304" failures="0" tests="1" name="com.maven.AriseFrameWork1.GoogleTC" time="21.386" errors="0" timestamp="2021-09-26T12:48:22 IST" skipped="0">
  <testcase classname="com.maven.AriseFrameWork1.GoogleTC" name="TS001" time="21.386"/>
  <system-out/>
</testsuite> <!-- com.maven.AriseFrameWork1.GoogleTC -->
